-------------------------------------------------------------------------------
Test set: br.edu.ifal.leilaogqso.AvaliadorTest
-------------------------------------------------------------------------------
Tests run: 2, Failures: 1, Errors: 0, Skipped: 0, Time elapsed: 0.397 s <<< FAILURE! - in br.edu.ifal.leilaogqso.AvaliadorTest
testSeMenorValorEstaSendoAvaliado  Time elapsed: 0.011 s  <<< FAILURE!
org.opentest4j.AssertionFailedError: expected: <100.0> but was: <250.0>
	at br.edu.ifal.leilaogqso.AvaliadorTest.testSeMenorValorEstaSendoAvaliado(AvaliadorTest.java:24)

